INFO: 2025-05-25 08:59:47,434: main() 'Using profile folder /home/diego/.config/variety/'
INFO: 2025-05-25 08:59:47,437: perform_upgrade() 'Last run version was 0.8.13 or earlier, current version is 0.8.13'
INFO: 2025-05-25 08:59:47,442: process_command() 'Received command: ['-n']'
INFO: 2025-05-25 08:59:47,444: start() 'Using data_path /usr/share/variety'
INFO: 2025-05-25 08:59:47,444: load() 'Jumble loading'
INFO: 2025-05-25 08:59:47,444: _walk_modules() 'Jumble loading module in __init__ from /usr/lib/python3.13/site-packages/variety/plugins/builtin/__init__.py'
INFO: 2025-05-25 08:59:47,445: _walk_modules() 'Jumble loading module in GnomeDisplayModesPlugin from /usr/lib/python3.13/site-packages/variety/plugins/builtin/display_modes/GnomeDisplayModesPlugin.py'
INFO: 2025-05-25 08:59:47,445: load() 'Jumble found plugin class: <class 'GnomeDisplayModesPlugin.GnomeDisplayModesPlugin'>: {'name': 'GnomeDisplayModesPlugin', 'description': 'Display modes relying on the underlying desktop environment', 'version': '1.0', 'author': 'Peter Levi'}'
INFO: 2025-05-25 08:59:47,445: _walk_modules() 'Jumble loading module in LegacyDisplayModesPlugin from /usr/lib/python3.13/site-packages/variety/plugins/builtin/display_modes/LegacyDisplayModesPlugin.py'
INFO: 2025-05-25 08:59:47,445: load() 'Jumble found plugin class: <class 'LegacyDisplayModesPlugin.LegacyDisplayModesPlugin'>: {'name': 'LegacyDisplayModesPlugin', 'description': 'Legacy display mode for compatibility with past Variety versions', 'version': '1.0', 'author': 'Peter Levi'}'
INFO: 2025-05-25 08:59:47,446: _walk_modules() 'Jumble loading module in ResizingDisplayModesPlugin from /usr/lib/python3.13/site-packages/variety/plugins/builtin/display_modes/ResizingDisplayModesPlugin.py'
INFO: 2025-05-25 08:59:47,446: load() 'Jumble found plugin class: <class 'ResizingDisplayModesPlugin.ResizingDisplayModesPlugin'>: {'name': 'ResizingDisplayModesPlugin', 'description': 'Display modes that use image resizing within Variety', 'version': '1.0', 'author': 'Peter Levi'}'
INFO: 2025-05-25 08:59:47,446: _walk_modules() 'Jumble loading module in __init__ from /usr/lib/python3.13/site-packages/variety/plugins/builtin/display_modes/__init__.py'
INFO: 2025-05-25 08:59:47,447: _walk_modules() 'Jumble loading module in APODDownloader from /usr/lib/python3.13/site-packages/variety/plugins/builtin/downloaders/APODDownloader.py'
INFO: 2025-05-25 08:59:47,448: load() 'Jumble found plugin class: <class 'APODDownloader.APODDownloader'>: {'name': 'APODDownloader', 'description': 'NASA Astro Pic of the Day', 'author': 'Peter Levi', 'version': '0.1'}'
INFO: 2025-05-25 08:59:47,448: _walk_modules() 'Jumble loading module in ArtStationDownloader from /usr/lib/python3.13/site-packages/variety/plugins/builtin/downloaders/ArtStationDownloader.py'
INFO: 2025-05-25 08:59:47,448: _walk_modules() 'Jumble loading module in ArtStationSource from /usr/lib/python3.13/site-packages/variety/plugins/builtin/downloaders/ArtStationSource.py'
INFO: 2025-05-25 08:59:47,449: load() 'Jumble found plugin class: <class 'ArtStationSource.ArtStationSource'>: {'name': 'ArtStationSource', 'description': 'Configurable source for fetching images from ArtStation', 'author': 'Denis Gordeev', 'version': '0.1'}'
INFO: 2025-05-25 08:59:47,449: _walk_modules() 'Jumble loading module in BingDownloader from /usr/lib/python3.13/site-packages/variety/plugins/builtin/downloaders/BingDownloader.py'
INFO: 2025-05-25 08:59:47,450: load() 'Jumble found plugin class: <class 'BingDownloader.BingDownloader'>: {'name': 'BingDownloader', 'description': 'Bing Photo of the Day', 'author': 'Peter Levi', 'version': '0.1'}'
INFO: 2025-05-25 08:59:47,450: _walk_modules() 'Jumble loading module in EarthviewDownloader from /usr/lib/python3.13/site-packages/variety/plugins/builtin/downloaders/EarthviewDownloader.py'
INFO: 2025-05-25 08:59:47,451: load() 'Jumble found plugin class: <class 'EarthviewDownloader.EarthviewDownloader'>: {'name': 'EarthviewDownloader', 'description': 'Google Earth View Wallpapers', 'author': 'Peter Levi', 'version': '0.1'}'
INFO: 2025-05-25 08:59:47,451: _walk_modules() 'Jumble loading module in MediaRSSDownloader from /usr/lib/python3.13/site-packages/variety/plugins/builtin/downloaders/MediaRSSDownloader.py'
INFO: 2025-05-25 08:59:47,452: _walk_modules() 'Jumble loading module in MediaRSSSource from /usr/lib/python3.13/site-packages/variety/plugins/builtin/downloaders/MediaRSSSource.py'
INFO: 2025-05-25 08:59:47,452: load() 'Jumble found plugin class: <class 'MediaRSSSource.MediaRSSSource'>: {'name': 'MediaRSSSource', 'description': 'Configurable source for fetching images from MediaRSS feeds', 'author': 'Peter Levi', 'version': '0.1'}'
INFO: 2025-05-25 08:59:47,452: _walk_modules() 'Jumble loading module in NationalGeographicDownloader from /usr/lib/python3.13/site-packages/variety/plugins/builtin/downloaders/NationalGeographicDownloader.py'
INFO: 2025-05-25 08:59:47,453: load() 'Jumble found plugin class: <class 'NationalGeographicDownloader.NationalGeographicDownloader'>: {'name': 'NationalGeographicDownloader', 'description': "National Geographic's photo of the day", 'author': 'Eric Rösch', 'version': '0.1'}'
INFO: 2025-05-25 08:59:47,453: _walk_modules() 'Jumble loading module in RedditDownloader from /usr/lib/python3.13/site-packages/variety/plugins/builtin/downloaders/RedditDownloader.py'
INFO: 2025-05-25 08:59:47,453: _walk_modules() 'Jumble loading module in RedditSource from /usr/lib/python3.13/site-packages/variety/plugins/builtin/downloaders/RedditSource.py'
INFO: 2025-05-25 08:59:47,454: load() 'Jumble found plugin class: <class 'RedditSource.RedditSource'>: {'name': 'RedditSource', 'description': 'Configurable source for fetching images from Reddit', 'author': 'Peter Levi', 'version': '0.1'}'
INFO: 2025-05-25 08:59:47,454: _walk_modules() 'Jumble loading module in UnsplashConfigurableSource from /usr/lib/python3.13/site-packages/variety/plugins/builtin/downloaders/UnsplashConfigurableSource.py'
INFO: 2025-05-25 08:59:47,456: load() 'Jumble found plugin class: <class 'UnsplashConfigurableSource.UnsplashConfigurableSource'>: {'name': 'UnsplashConfigurableSource', 'description': 'Configurable source for fetching photos from Unsplash.com', 'author': 'Peter Levi', 'version': '0.1'}'
INFO: 2025-05-25 08:59:47,456: _walk_modules() 'Jumble loading module in UnsplashDownloader from /usr/lib/python3.13/site-packages/variety/plugins/builtin/downloaders/UnsplashDownloader.py'
INFO: 2025-05-25 08:59:47,456: load() 'Jumble found plugin class: <class 'UnsplashDownloader.UnsplashDownloader'>: {'name': 'UnsplashDownloader', 'description': 'High-resolution photos from Unsplash.com', 'author': 'Peter Levi', 'version': '0.1'}'
INFO: 2025-05-25 08:59:47,456: _walk_modules() 'Jumble loading module in WallhavenDownloader from /usr/lib/python3.13/site-packages/variety/plugins/builtin/downloaders/WallhavenDownloader.py'
INFO: 2025-05-25 08:59:47,458: _walk_modules() 'Jumble loading module in WallhavenLegacyDownloader from /usr/lib/python3.13/site-packages/variety/plugins/builtin/downloaders/WallhavenLegacyDownloader.py'
INFO: 2025-05-25 08:59:47,459: _walk_modules() 'Jumble loading module in WallhavenSource from /usr/lib/python3.13/site-packages/variety/plugins/builtin/downloaders/WallhavenSource.py'
INFO: 2025-05-25 08:59:47,460: load() 'Jumble found plugin class: <class 'WallhavenSource.WallhavenSource'>: {'name': 'WallhavenSource', 'description': 'Configurable source for fetching images from Wallhaven.cc', 'author': 'Peter Levi', 'version': '0.1'}'
INFO: 2025-05-25 08:59:47,460: _walk_modules() 'Jumble loading module in __init__ from /usr/lib/python3.13/site-packages/variety/plugins/builtin/downloaders/__init__.py'
INFO: 2025-05-25 08:59:47,460: _walk_modules() 'Jumble loading module in FortuneSource from /usr/lib/python3.13/site-packages/variety/plugins/builtin/quotes/FortuneSource.py'
INFO: 2025-05-25 08:59:47,461: load() 'Jumble found plugin class: <class 'FortuneSource.FortuneSource'>: {'name': 'UNIX fortune program', 'description': 'Displays quotes using the UNIX fortune program. You may want to install additional fortune packs, e.g. fortunes-bofh-excuses.', 'author': 'Dan Jones', 'version': '0.1'}'
INFO: 2025-05-25 08:59:47,461: _walk_modules() 'Jumble loading module in GoodreadsSource from /usr/lib/python3.13/site-packages/variety/plugins/builtin/quotes/GoodreadsSource.py'
INFO: 2025-05-25 08:59:47,504: load() 'Jumble found plugin class: <class 'GoodreadsSource.GoodreadsSource'>: {'name': 'Goodreads', 'description': 'Fetches quotes from Goodreads.com', 'author': 'Peter Levi', 'version': '0.1'}'
INFO: 2025-05-25 08:59:47,504: _walk_modules() 'Jumble loading module in LocalFilesSource from /usr/lib/python3.13/site-packages/variety/plugins/builtin/quotes/LocalFilesSource.py'
INFO: 2025-05-25 08:59:47,505: load() 'Jumble found plugin class: <class 'LocalFilesSource.LocalFilesSource'>: {'name': 'Local text files', 'description': 'Displays quotes, defined in local text files.\nPut your own txt files in: ~/.config/variety/pluginconfig/quotes/.\nThe file format is:\n\nquote -- author\n.\nsecond quote -- another author\n.\netc...\n\nExample: http://rvelthuis.de/zips/quotes.txt', 'author': 'Peter Levi', 'version': '0.1'}'
INFO: 2025-05-25 08:59:47,505: _walk_modules() 'Jumble loading module in QuotationsPageSource from /usr/lib/python3.13/site-packages/variety/plugins/builtin/quotes/QuotationsPageSource.py'
INFO: 2025-05-25 08:59:47,506: load() 'Jumble found plugin class: <class 'QuotationsPageSource.QuotationsPageSource'>: {'name': 'TheQuotationsPage.com', 'description': 'Fetches quotes from TheQuotationsPage.com', 'author': 'Peter Levi', 'version': '0.1'}'
INFO: 2025-05-25 08:59:47,506: _walk_modules() 'Jumble loading module in UrbanDictionarySource from /usr/lib/python3.13/site-packages/variety/plugins/builtin/quotes/UrbanDictionarySource.py'
INFO: 2025-05-25 08:59:47,506: load() 'Jumble found plugin class: <class 'UrbanDictionarySource.UrbanDictionarySource'>: {'name': 'Urban Dictionary', 'description': 'Displays definitions from Urban Dictionary', 'author': 'James Miller', 'version': '0.1'}'
INFO: 2025-05-25 08:59:47,506: _walk_modules() 'Jumble loading module in __init__ from /usr/lib/python3.13/site-packages/variety/plugins/builtin/quotes/__init__.py'
INFO: 2025-05-25 08:59:47,525: reload_config() 'Creating new downloader for type apod, location NASA's Astronomy Picture of the Day'
INFO: 2025-05-25 08:59:47,525: reload_config() 'Creating new downloader for type bing, location Bing Photo of the Day'
INFO: 2025-05-25 08:59:47,526: log_options() 'Loaded options:'
INFO: 2025-05-25 08:59:47,526: log_options() 'change_enabled = True'
INFO: 2025-05-25 08:59:47,526: log_options() 'change_interval = 3600'
INFO: 2025-05-25 08:59:47,526: log_options() 'change_on_start = False'
INFO: 2025-05-25 08:59:47,526: log_options() 'clipboard_enabled = False'
INFO: 2025-05-25 08:59:47,526: log_options() 'clipboard_hosts = ['wallhaven.cc', 'wallpapers.net', 'flickr.com', 'imgur.com', 'deviantart.com', 'interfacelift.com', 'vladstudio.com', 'imageshack.us', 'deviantart.net', 'imageshack.com']'
INFO: 2025-05-25 08:59:47,526: log_options() 'clipboard_use_whitelist = True'
INFO: 2025-05-25 08:59:47,526: log_options() 'clock_date_font = Ubuntu Condensed, 30'
INFO: 2025-05-25 08:59:47,526: log_options() 'clock_enabled = False'
INFO: 2025-05-25 08:59:47,526: log_options() 'clock_filter = -density 100 -font `fc-match -f '%{file[0]}' '%CLOCK_FONT_NAME'` -pointsize %CLOCK_FONT_SIZE -gravity SouthEast -fill '#00000044' -annotate 0x0+[%HOFFSET+58]+[%VOFFSET+108] '%H:%M' -fill white -annotate 0x0+[%HOFFSET+60]+[%VOFFSET+110] '%H:%M' -font `fc-match -f '%{file[0]}' '%DATE_FONT_NAME'` -pointsize %DATE_FONT_SIZE -fill '#00000044' -annotate 0x0+[%HOFFSET+58]+[%VOFFSET+58] '%A, %B %d' -fill white -annotate 0x0+[%HOFFSET+60]+[%VOFFSET+60] '%A, %B %d''
INFO: 2025-05-25 08:59:47,526: log_options() 'clock_font = Ubuntu Condensed, 70'
INFO: 2025-05-25 08:59:47,526: log_options() 'configfile = /home/diego/.config/variety/variety.conf'
INFO: 2025-05-25 08:59:47,526: log_options() 'copyto_enabled = False'
INFO: 2025-05-25 08:59:47,526: log_options() 'copyto_folder = Default'
INFO: 2025-05-25 08:59:47,526: log_options() 'desired_color = [160, 160, 160]'
INFO: 2025-05-25 08:59:47,526: log_options() 'desired_color_enabled = False'
INFO: 2025-05-25 08:59:47,526: log_options() 'download_folder = /home/diego/.config/variety/Downloaded'
INFO: 2025-05-25 08:59:47,526: log_options() 'download_preference_ratio = 0.9'
INFO: 2025-05-25 08:59:47,526: log_options() 'favorites_folder = /home/diego/.config/variety/Favorites'
INFO: 2025-05-25 08:59:47,526: log_options() 'favorites_operations = [['Downloaded', 'Copy'], ['Fetched', 'Move'], ['Others', 'Copy']]'
INFO: 2025-05-25 08:59:47,526: log_options() 'fetched_folder = /home/diego/.config/variety/Fetched'
INFO: 2025-05-25 08:59:47,526: log_options() 'filters = [[False, 'Keep original', ''], [False, 'Grayscale', '-type Grayscale'], [False, 'Heavy blur', '-scale 20% -blur 0x10 -resize 500%'], [False, 'Soft blur', '-scale 20% -blur 0x2 -resize 500%'], [False, 'Oil painting', '-paint 8'], [False, 'Pointilism', '-spread 10 -noise 3'], [False, 'Pixellate', '-scale 3% -scale 3333%']]'
INFO: 2025-05-25 08:59:47,527: log_options() 'get_wallpaper_script = /home/diego/.config/variety/scripts/get_wallpaper'
INFO: 2025-05-25 08:59:47,527: log_options() 'icon = Light'
INFO: 2025-05-25 08:59:47,527: log_options() 'internet_enabled = True'
INFO: 2025-05-25 08:59:47,527: log_options() 'lightness_enabled = False'
INFO: 2025-05-25 08:59:47,527: log_options() 'lightness_mode = 0'
INFO: 2025-05-25 08:59:47,527: log_options() 'min_rating = 4'
INFO: 2025-05-25 08:59:47,527: log_options() 'min_rating_enabled = False'
INFO: 2025-05-25 08:59:47,527: log_options() 'min_size = 80'
INFO: 2025-05-25 08:59:47,527: log_options() 'min_size_enabled = False'
INFO: 2025-05-25 08:59:47,527: log_options() 'name_regex = .*'
INFO: 2025-05-25 08:59:47,527: log_options() 'name_regex_enabled = False'
INFO: 2025-05-25 08:59:47,527: log_options() 'quota_enabled = True'
INFO: 2025-05-25 08:59:47,527: log_options() 'quota_size = 1000'
INFO: 2025-05-25 08:59:47,527: log_options() 'quotes_authors = '
INFO: 2025-05-25 08:59:47,527: log_options() 'quotes_bg_color = [80, 80, 80]'
INFO: 2025-05-25 08:59:47,527: log_options() 'quotes_bg_opacity = 55'
INFO: 2025-05-25 08:59:47,527: log_options() 'quotes_change_enabled = False'
INFO: 2025-05-25 08:59:47,527: log_options() 'quotes_change_interval = 300'
INFO: 2025-05-25 08:59:47,527: log_options() 'quotes_disabled_sources = ['Urban Dictionary']'
INFO: 2025-05-25 08:59:47,527: log_options() 'quotes_enabled = False'
INFO: 2025-05-25 08:59:47,527: log_options() 'quotes_favorites_file = /home/diego/.config/variety/favorite_quotes.txt'
INFO: 2025-05-25 08:59:47,527: log_options() 'quotes_font = Bitstream Charter 30'
INFO: 2025-05-25 08:59:47,527: log_options() 'quotes_hpos = 100'
INFO: 2025-05-25 08:59:47,527: log_options() 'quotes_max_length = 250'
INFO: 2025-05-25 08:59:47,527: log_options() 'quotes_tags = '
INFO: 2025-05-25 08:59:47,527: log_options() 'quotes_text_color = [255, 255, 255]'
INFO: 2025-05-25 08:59:47,527: log_options() 'quotes_text_shadow = False'
INFO: 2025-05-25 08:59:47,527: log_options() 'quotes_vpos = 40'
INFO: 2025-05-25 08:59:47,527: log_options() 'quotes_width = 70'
INFO: 2025-05-25 08:59:47,527: log_options() 'safe_mode = False'
INFO: 2025-05-25 08:59:47,527: log_options() 'set_wallpaper_script = /home/diego/.config/variety/scripts/set_wallpaper'
INFO: 2025-05-25 08:59:47,527: log_options() 'slideshow_custom_enabled = False'
INFO: 2025-05-25 08:59:47,527: log_options() 'slideshow_custom_folder = /home/diego/Obrazy'
INFO: 2025-05-25 08:59:47,527: log_options() 'slideshow_downloads_enabled = False'
INFO: 2025-05-25 08:59:47,527: log_options() 'slideshow_fade = 0.4'
INFO: 2025-05-25 08:59:47,527: log_options() 'slideshow_favorites_enabled = True'
INFO: 2025-05-25 08:59:47,527: log_options() 'slideshow_mode = Fullscreen'
INFO: 2025-05-25 08:59:47,527: log_options() 'slideshow_monitor = All'
INFO: 2025-05-25 08:59:47,527: log_options() 'slideshow_pan = 0.05'
INFO: 2025-05-25 08:59:47,527: log_options() 'slideshow_seconds = 6.0'
INFO: 2025-05-25 08:59:47,527: log_options() 'slideshow_sort_order = Random'
INFO: 2025-05-25 08:59:47,528: log_options() 'slideshow_sources_enabled = True'
INFO: 2025-05-25 08:59:47,528: log_options() 'slideshow_zoom = 0.2'
INFO: 2025-05-25 08:59:47,528: log_options() 'smart_enabled = False'
INFO: 2025-05-25 08:59:47,528: log_options() 'smart_notice_shown = False'
INFO: 2025-05-25 08:59:47,528: log_options() 'smart_register_shown = False'
INFO: 2025-05-25 08:59:47,528: log_options() 'sources = [[False, 'favorites', 'The Favorites folder'], [False, 'fetched', 'The Fetched folder'], [False, 'folder', '/usr/share/backgrounds'], [False, 'flickr', 'user:www.flickr.com/photos/peter-levi/;user_id:93647178@N00;'], [True, 'apod', "NASA's Astronomy Picture of the Day"], [True, 'bing', 'Bing Photo of the Day'], [False, 'earthview', 'Google Earth View Wallpapers'], [False, 'unsplash', 'High-resolution photos from Unsplash.com'], [False, 'natgeo', "National Geographic's photo of the day"]]'
INFO: 2025-05-25 08:59:47,528: log_options() 'stats_enabled = True'
INFO: 2025-05-25 08:59:47,528: log_options() 'stats_notice_shown = False'
INFO: 2025-05-25 08:59:47,528: log_options() 'sync_enabled = True'
INFO: 2025-05-25 08:59:47,528: log_options() 'use_landscape_enabled = True'
INFO: 2025-05-25 08:59:47,528: log_options() 'wallhaven_api_key = '
INFO: 2025-05-25 08:59:47,528: log_options() 'wallpaper_auto_rotate = True'
INFO: 2025-05-25 08:59:47,528: log_options() 'wallpaper_display_mode = os'
INFO: 2025-05-25 08:59:47,528: reload_config() 'No need to clear prepared queue'
INFO: 2025-05-25 08:59:47,528: update_indicator() 'Setting file info to: /usr/share/backgrounds/gnome/adwaita-l.jpg'
INFO: 2025-05-25 08:59:47,530: load_banned() 'Missing or invalid banned URLs list, no URLs will be banned'
INFO: 2025-05-25 08:59:47,530: load_last_change_time() 'Change interval < 6 hours, ignore persisted last_change_time, wait initially the whole interval: 3600'
INFO: 2025-05-25 08:59:47,530: update_indicator() 'Setting file info to: /usr/share/backgrounds/gnome/adwaita-l.jpg'
INFO: 2025-05-25 08:59:47,530: regular_change_thread() 'regular_change thread running'
INFO: 2025-05-25 08:59:47,531: prepare_thread() 'Prepare thread running'
INFO: 2025-05-25 08:59:47,531: prepare_thread() 'Prepared buffer contains 0 images'
INFO: 2025-05-25 08:59:47,531: prepare_thread() 'Preparing some images'
INFO: 2025-05-25 08:59:47,534: update_indicator_icon() 'Creating indicator'
INFO: 2025-05-25 08:59:47,536: get_throttling() 'Bing: parsing serverside options'
INFO: 2025-05-25 08:59:47,536: get_throttling() 'Could not parse Bing serverside options, using defaults None, None'
INFO: 2025-05-25 08:59:47,536: get_throttling() 'Bing: parsing serverside options'
INFO: 2025-05-25 08:59:47,536: get_throttling() 'Could not parse Bing serverside options, using defaults None, None'
INFO: 2025-05-25 08:59:47,537: download_one() 'Bing: Downloading an image, config: None'
INFO: 2025-05-25 08:59:47,537: download_one() 'Bing: Queue size: 0'
INFO: 2025-05-25 08:59:47,537: get_throttling() 'Bing: parsing serverside options'
INFO: 2025-05-25 08:59:47,537: get_throttling() 'Could not parse Bing serverside options, using defaults None, None'
INFO: 2025-05-25 08:59:47,537: download_one() 'Bing: Filling queue'
WARNING: 2025-05-25 08:59:47,544: create_menu() 'Variety Slideshow is not installed. This is an optional extension adding pan-and-zoom slideshows to Variety: see https://github.com/peterlevi/variety-slideshow for details'
INFO: 2025-05-25 08:59:47,545: create_indicator() 'indicator backend: AyatanaAppIndicator3'
INFO: 2025-05-25 08:59:47,568: set_from_theme_icon() 'Showing indicator icon variety-indicator from GTK theme'
INFO: 2025-05-25 08:59:47,605: prepare_thread() 'After search prepared buffer contains 60 images'
INFO: 2025-05-25 08:59:47,630: do_set_wp() 'Calling do_set_wp with /usr/share/backgrounds/gnome/adwaita-l.jpg, time: 1748156387.6309288'
INFO: 2025-05-25 08:59:47,631: do_set_wp() 'Missing file or bad permissions, will not use it: /usr/share/backgrounds/gnome/adwaita-l.jpg'
INFO: 2025-05-25 08:59:47,643: download_one() 'Bing: Queue populated with 7 URLs'
INFO: 2025-05-25 08:59:47,644: save_locally() 'Origin URL: https://www.bing.com/search?q=Mount+Hamilton+Bay+Area&form=hpcapt&filters=HpDate%3a%2220250519_0700%22'
INFO: 2025-05-25 08:59:47,644: save_locally() 'Image URL: https://www.bing.com/th?id=OHR.MountHamilton_EN-US3808058743_UHD.jpg'
INFO: 2025-05-25 08:59:47,644: save_locally() 'Local path: /home/diego/.config/variety/Downloaded/Bing/OHR.MountHamilton_EN-US3808058743_UHD.jpg'
INFO: 2025-05-25 08:59:47,644: save_locally() 'File already exists, skip downloading'
INFO: 2025-05-25 08:59:49,606: trigger_download() 'Triggering download thread to check if download needed and possible'
INFO: 2025-05-25 08:59:49,638: reload() 'Reloading preferences dialog'
INFO: 2025-05-25 08:59:50,444: set_wallpaper() 'Calling set_wallpaper with /home/diego/.config/variety/Downloaded/nasa_apod/Ngc300_Stern_7032.jpg'
INFO: 2025-05-25 08:59:50,445: prepare_thread() 'Prepared buffer contains 60 images'
INFO: 2025-05-25 08:59:50,454: do_set_wp() 'Calling do_set_wp with /home/diego/.config/variety/Downloaded/nasa_apod/Ngc300_Stern_7032.jpg, time: 1748156390.454647'
INFO: 2025-05-25 08:59:50,456: apply_auto_rotate() 'ImageMagick auto-rotate cmd: convert /home/diego/.config/variety/Downloaded/nasa_apod/Ngc300_Stern_7032.jpg -auto-orient /home/diego/.config/variety/wallpaper/wallpaper-auto-rotated-e54b59803a3f4afd34b95b82f1286aeb.jpg'
INFO: 2025-05-25 08:59:52,031: update_indicator() 'Setting file info to: /home/diego/.config/variety/Downloaded/nasa_apod/Ngc300_Stern_7032.jpg'
INFO: 2025-05-25 08:59:52,033: list_files() 'More than 1 files in the folders, stop listing'
INFO: 2025-05-25 08:59:52,446: trigger_download() 'Triggering download thread to check if download needed and possible'
INFO: 2025-05-25 08:59:52,446: get_throttling() 'NASA Astro Pic of the Day: parsing serverside options'
INFO: 2025-05-25 08:59:52,446: get_throttling() 'Could not parse NASA Astro Pic of the Day serverside options, using defaults None, None'
INFO: 2025-05-25 08:59:52,446: get_throttling() 'NASA Astro Pic of the Day: parsing serverside options'
INFO: 2025-05-25 08:59:52,446: get_throttling() 'Could not parse NASA Astro Pic of the Day serverside options, using defaults None, None'
INFO: 2025-05-25 08:59:52,446: download_one() 'NASA Astro Pic of the Day: Downloading an image, config: None'
INFO: 2025-05-25 08:59:52,446: download_one() 'NASA Astro Pic of the Day: Queue size: 0'
INFO: 2025-05-25 08:59:52,447: get_throttling() 'NASA Astro Pic of the Day: parsing serverside options'
INFO: 2025-05-25 08:59:52,447: get_throttling() 'Could not parse NASA Astro Pic of the Day serverside options, using defaults None, None'
INFO: 2025-05-25 08:59:52,447: download_one() 'NASA Astro Pic of the Day: Filling queue'
INFO: 2025-05-25 08:59:52,447: fill_queue() 'Filling APOD queue from Archive'
INFO: 2025-05-25 08:59:52,453: trigger_download() 'Triggering download thread to check if download needed and possible'
INFO: 2025-05-25 08:59:53,654: download_one() 'NASA Astro Pic of the Day: Queue populated with 730 URLs'
INFO: 2025-05-25 08:59:53,654: download_queue_item() 'APOD URL: https://apod.nasa.gov/apod/ap250331.html'
INFO: 2025-05-25 08:59:54,117: download_queue_item() 'No image url found for this APOD URL'
INFO: 2025-05-25 09:00:07,531: server_options_thread() 'Fetching server options from https://gist.githubusercontent.com/peterlevi/a7d1dbf3a4e76e15760a/raw/fab10d0ce5cfe66377e7c650be56edb497aabbd4/variety_server_options.json'
INFO: 2025-05-25 09:00:07,646: server_options_thread() 'Fetched server options: {'flickr': {'min_fill_queue_interval': 1200, 'min_download_interval': 1200}, 'wallbase': {'min_fill_queue_interval': 1800, 'min_download_interval': 1800}, 'wallhaven': {'min_fill_queue_interval': 1800, 'min_download_interval': 1800}, 'wallpapers.net': {'min_fill_queue_interval': 601, 'min_download_interval': 0}, 'unsplash': {'min_fill_queue_interval': 20000000000, 'min_download_interval': 20000000000}, 'unsplash_v2': {'min_fill_queue_interval': 3600, 'min_download_interval': 1800}, 'status_message': {'0.0.1': '', '*': ''}}'
INFO: 2025-05-25 09:02:55,118: get_throttling() 'Bing: parsing serverside options'
INFO: 2025-05-25 09:02:55,119: get_throttling() 'Could not parse Bing serverside options, using defaults None, None'
INFO: 2025-05-25 09:02:55,119: get_throttling() 'Bing: parsing serverside options'
INFO: 2025-05-25 09:02:55,119: get_throttling() 'Could not parse Bing serverside options, using defaults None, None'
INFO: 2025-05-25 09:02:55,119: download_one() 'Bing: Downloading an image, config: None'
INFO: 2025-05-25 09:02:55,119: download_one() 'Bing: Queue size: 6'
INFO: 2025-05-25 09:02:55,119: download_one() 'Bing: Queue populated with 6 URLs'
INFO: 2025-05-25 09:02:55,120: save_locally() 'Origin URL: https://www.bing.com/search?q=International+Day+for+Biological+Diversity&form=hpcapt&filters=HpDate%3a%2220250522_0700%22'
INFO: 2025-05-25 09:02:55,120: save_locally() 'Image URL: https://www.bing.com/th?id=OHR.BaobabAvenue_EN-US3968050605_UHD.jpg'
INFO: 2025-05-25 09:02:55,120: save_locally() 'Local path: /home/diego/.config/variety/Downloaded/Bing/OHR.BaobabAvenue_EN-US3968050605_UHD.jpg'
INFO: 2025-05-25 09:02:55,120: save_locally() 'File already exists, skip downloading'
INFO: 2025-05-25 09:02:56,121: get_throttling() 'NASA Astro Pic of the Day: parsing serverside options'
INFO: 2025-05-25 09:02:56,121: get_throttling() 'Could not parse NASA Astro Pic of the Day serverside options, using defaults None, None'
INFO: 2025-05-25 09:02:56,121: get_throttling() 'NASA Astro Pic of the Day: parsing serverside options'
INFO: 2025-05-25 09:02:56,121: get_throttling() 'Could not parse NASA Astro Pic of the Day serverside options, using defaults None, None'
INFO: 2025-05-25 09:02:56,121: download_one() 'NASA Astro Pic of the Day: Downloading an image, config: None'
INFO: 2025-05-25 09:02:56,122: download_one() 'NASA Astro Pic of the Day: Queue size: 729'
INFO: 2025-05-25 09:02:56,122: download_one() 'NASA Astro Pic of the Day: Queue populated with 729 URLs'
INFO: 2025-05-25 09:02:56,122: download_queue_item() 'APOD URL: https://apod.nasa.gov/apod/ap241202.html'
INFO: 2025-05-25 09:02:57,063: download_queue_item() 'Image URL: https://apod.nasa.gov/apod/image/2412/Ngc300_Stern_7032.jpg'
INFO: 2025-05-25 09:02:57,063: save_locally() 'Origin URL: https://apod.nasa.gov/apod/ap241202.html'
INFO: 2025-05-25 09:02:57,064: save_locally() 'Image URL: https://apod.nasa.gov/apod/image/2412/Ngc300_Stern_7032.jpg'
INFO: 2025-05-25 09:02:57,064: save_locally() 'Local path: /home/diego/.config/variety/Downloaded/nasa_apod/Ngc300_Stern_7032.jpg'
INFO: 2025-05-25 09:02:57,064: save_locally() 'File already exists, skip downloading'
INFO: 2025-05-25 09:05:58,066: get_throttling() 'Bing: parsing serverside options'
INFO: 2025-05-25 09:05:58,066: get_throttling() 'Could not parse Bing serverside options, using defaults None, None'
INFO: 2025-05-25 09:05:58,066: get_throttling() 'Bing: parsing serverside options'
INFO: 2025-05-25 09:05:58,066: get_throttling() 'Could not parse Bing serverside options, using defaults None, None'
INFO: 2025-05-25 09:05:58,067: download_one() 'Bing: Downloading an image, config: None'
INFO: 2025-05-25 09:05:58,067: download_one() 'Bing: Queue size: 5'
INFO: 2025-05-25 09:05:58,067: download_one() 'Bing: Queue populated with 5 URLs'
INFO: 2025-05-25 09:05:58,067: save_locally() 'Origin URL: https://www.bing.com/search?q=international+tea+day&form=hpcapt&filters=HpDate%3a%2220250521_0700%22'
INFO: 2025-05-25 09:05:58,068: save_locally() 'Image URL: https://www.bing.com/th?id=OHR.SongyangTeaGarden_EN-US3919106941_UHD.jpg'
INFO: 2025-05-25 09:05:58,068: save_locally() 'Local path: /home/diego/.config/variety/Downloaded/Bing/OHR.SongyangTeaGarden_EN-US3919106941_UHD.jpg'
INFO: 2025-05-25 09:05:58,068: save_locally() 'File already exists, skip downloading'
INFO: 2025-05-25 09:05:59,069: get_throttling() 'NASA Astro Pic of the Day: parsing serverside options'
INFO: 2025-05-25 09:05:59,069: get_throttling() 'Could not parse NASA Astro Pic of the Day serverside options, using defaults None, None'
INFO: 2025-05-25 09:05:59,070: get_throttling() 'NASA Astro Pic of the Day: parsing serverside options'
INFO: 2025-05-25 09:05:59,070: get_throttling() 'Could not parse NASA Astro Pic of the Day serverside options, using defaults None, None'
INFO: 2025-05-25 09:05:59,070: download_one() 'NASA Astro Pic of the Day: Downloading an image, config: None'
INFO: 2025-05-25 09:05:59,070: download_one() 'NASA Astro Pic of the Day: Queue size: 728'
INFO: 2025-05-25 09:05:59,070: download_one() 'NASA Astro Pic of the Day: Queue populated with 728 URLs'
INFO: 2025-05-25 09:05:59,070: download_queue_item() 'APOD URL: https://apod.nasa.gov/apod/ap250423.html'
INFO: 2025-05-25 09:05:59,845: download_queue_item() 'Image URL: https://apod.nasa.gov/apod/image/2504/EverythingSky_Koen_3504.jpg'
INFO: 2025-05-25 09:05:59,845: save_locally() 'Origin URL: https://apod.nasa.gov/apod/ap250423.html'
INFO: 2025-05-25 09:05:59,845: save_locally() 'Image URL: https://apod.nasa.gov/apod/image/2504/EverythingSky_Koen_3504.jpg'
INFO: 2025-05-25 09:05:59,845: save_locally() 'Local path: /home/diego/.config/variety/Downloaded/nasa_apod/EverythingSky_Koen_3504.jpg'
INFO: 2025-05-25 09:06:03,866: save_locally() 'Download complete'
INFO: 2025-05-25 09:06:03,867: update_indicator() 'Setting file info to: /home/diego/.config/variety/Downloaded/nasa_apod/Ngc300_Stern_7032.jpg'
INFO: 2025-05-25 09:06:03,869: list_files() 'More than 1 files in the folders, stop listing'
INFO: 2025-05-25 09:06:03,870: prepare_thread() 'Prepared buffer contains 60 images'
INFO: 2025-05-25 09:06:04,872: get_throttling() 'NASA Astro Pic of the Day: parsing serverside options'
INFO: 2025-05-25 09:06:04,872: get_throttling() 'Could not parse NASA Astro Pic of the Day serverside options, using defaults None, None'
INFO: 2025-05-25 09:06:04,873: get_throttling() 'NASA Astro Pic of the Day: parsing serverside options'
INFO: 2025-05-25 09:06:04,873: get_throttling() 'Could not parse NASA Astro Pic of the Day serverside options, using defaults None, None'
INFO: 2025-05-25 09:06:04,873: download_one() 'NASA Astro Pic of the Day: Downloading an image, config: None'
INFO: 2025-05-25 09:06:04,873: download_one() 'NASA Astro Pic of the Day: Queue size: 727'
INFO: 2025-05-25 09:06:04,873: download_one() 'NASA Astro Pic of the Day: Queue populated with 727 URLs'
INFO: 2025-05-25 09:06:04,873: download_queue_item() 'APOD URL: https://apod.nasa.gov/apod/ap231128.html'
INFO: 2025-05-25 09:06:05,870: trigger_download() 'Triggering download thread to check if download needed and possible'
INFO: 2025-05-25 09:06:05,992: download_queue_item() 'Image URL: https://apod.nasa.gov/apod/image/2311/Ganymede2_JunoGill_3445.jpg'
INFO: 2025-05-25 09:06:05,993: save_locally() 'Origin URL: https://apod.nasa.gov/apod/ap231128.html'
INFO: 2025-05-25 09:06:05,993: save_locally() 'Image URL: https://apod.nasa.gov/apod/image/2311/Ganymede2_JunoGill_3445.jpg'
INFO: 2025-05-25 09:06:05,993: save_locally() 'Local path: /home/diego/.config/variety/Downloaded/nasa_apod/Ganymede2_JunoGill_3445.jpg'
INFO: 2025-05-25 09:06:08,485: save_locally() 'Download complete'
INFO: 2025-05-25 09:06:08,486: update_indicator() 'Setting file info to: /home/diego/.config/variety/Downloaded/nasa_apod/Ngc300_Stern_7032.jpg'
INFO: 2025-05-25 09:06:08,488: list_files() 'More than 1 files in the folders, stop listing'
INFO: 2025-05-25 09:06:08,488: prepare_thread() 'Prepared buffer contains 60 images'
INFO: 2025-05-25 09:06:09,490: get_throttling() 'NASA Astro Pic of the Day: parsing serverside options'
INFO: 2025-05-25 09:06:09,490: get_throttling() 'Could not parse NASA Astro Pic of the Day serverside options, using defaults None, None'
INFO: 2025-05-25 09:06:09,491: get_throttling() 'NASA Astro Pic of the Day: parsing serverside options'
INFO: 2025-05-25 09:06:09,491: get_throttling() 'Could not parse NASA Astro Pic of the Day serverside options, using defaults None, None'
INFO: 2025-05-25 09:06:09,491: download_one() 'NASA Astro Pic of the Day: Downloading an image, config: None'
INFO: 2025-05-25 09:06:09,491: download_one() 'NASA Astro Pic of the Day: Queue size: 726'
INFO: 2025-05-25 09:06:09,491: download_one() 'NASA Astro Pic of the Day: Queue populated with 726 URLs'
INFO: 2025-05-25 09:06:09,491: download_queue_item() 'APOD URL: https://apod.nasa.gov/apod/ap240202.html'
INFO: 2025-05-25 09:06:10,292: download_queue_item() 'Image URL: https://apod.nasa.gov/apod/image/2402/Tadpoles2048original.png'
INFO: 2025-05-25 09:06:10,292: save_locally() 'Origin URL: https://apod.nasa.gov/apod/ap240202.html'
INFO: 2025-05-25 09:06:10,292: save_locally() 'Image URL: https://apod.nasa.gov/apod/image/2402/Tadpoles2048original.png'
INFO: 2025-05-25 09:06:10,292: save_locally() 'Local path: /home/diego/.config/variety/Downloaded/nasa_apod/Tadpoles2048original.png'
INFO: 2025-05-25 09:06:10,489: trigger_download() 'Triggering download thread to check if download needed and possible'
INFO: 2025-05-25 09:06:16,376: save_locally() 'Download complete'
INFO: 2025-05-25 09:06:16,376: update_indicator() 'Setting file info to: /home/diego/.config/variety/Downloaded/nasa_apod/Ngc300_Stern_7032.jpg'
INFO: 2025-05-25 09:06:16,377: list_files() 'More than 1 files in the folders, stop listing'
INFO: 2025-05-25 09:06:16,378: download_one_from() 'Adding downloaded file /home/diego/.config/variety/Downloaded/nasa_apod/Tadpoles2048original.png to unseen_downloads'
INFO: 2025-05-25 09:09:17,381: get_throttling() 'Bing: parsing serverside options'
INFO: 2025-05-25 09:09:17,381: get_throttling() 'Could not parse Bing serverside options, using defaults None, None'
INFO: 2025-05-25 09:09:17,381: get_throttling() 'Bing: parsing serverside options'
INFO: 2025-05-25 09:09:17,381: get_throttling() 'Could not parse Bing serverside options, using defaults None, None'
INFO: 2025-05-25 09:09:17,382: download_one() 'Bing: Downloading an image, config: None'
INFO: 2025-05-25 09:09:17,382: download_one() 'Bing: Queue size: 4'
INFO: 2025-05-25 09:09:17,382: download_one() 'Bing: Queue populated with 4 URLs'
INFO: 2025-05-25 09:09:17,382: save_locally() 'Origin URL: https://www.bing.com/search?q=Venetian+Lagoon&form=hpcapt&filters=HpDate%3a%2220250517_0700%22'
INFO: 2025-05-25 09:09:17,382: save_locally() 'Image URL: https://www.bing.com/th?id=OHR.VeniceLagoon_EN-US3686079353_UHD.jpg'
INFO: 2025-05-25 09:09:17,382: save_locally() 'Local path: /home/diego/.config/variety/Downloaded/Bing/OHR.VeniceLagoon_EN-US3686079353_UHD.jpg'
INFO: 2025-05-25 09:09:17,383: save_locally() 'File already exists, skip downloading'
INFO: 2025-05-25 09:12:18,385: get_throttling() 'Bing: parsing serverside options'
INFO: 2025-05-25 09:12:18,385: get_throttling() 'Could not parse Bing serverside options, using defaults None, None'
INFO: 2025-05-25 09:12:18,385: get_throttling() 'Bing: parsing serverside options'
INFO: 2025-05-25 09:12:18,385: get_throttling() 'Could not parse Bing serverside options, using defaults None, None'
INFO: 2025-05-25 09:12:18,385: download_one() 'Bing: Downloading an image, config: None'
INFO: 2025-05-25 09:12:18,385: download_one() 'Bing: Queue size: 3'
INFO: 2025-05-25 09:12:18,386: download_one() 'Bing: Queue populated with 3 URLs'
INFO: 2025-05-25 09:12:18,386: save_locally() 'Origin URL: https://www.bing.com/search?q=world+turtle+day&form=hpcapt&filters=HpDate%3a%2220250523_0700%22'
INFO: 2025-05-25 09:12:18,386: save_locally() 'Image URL: https://www.bing.com/th?id=OHR.ButterflyTurtle_EN-US4083359630_UHD.jpg'
INFO: 2025-05-25 09:12:18,386: save_locally() 'Local path: /home/diego/.config/variety/Downloaded/Bing/OHR.ButterflyTurtle_EN-US4083359630_UHD.jpg'
INFO: 2025-05-25 09:12:18,386: save_locally() 'File already exists, skip downloading'
INFO: 2025-05-25 09:15:19,388: get_throttling() 'Bing: parsing serverside options'
INFO: 2025-05-25 09:15:19,389: get_throttling() 'Could not parse Bing serverside options, using defaults None, None'
INFO: 2025-05-25 09:15:19,389: get_throttling() 'Bing: parsing serverside options'
INFO: 2025-05-25 09:15:19,389: get_throttling() 'Could not parse Bing serverside options, using defaults None, None'
INFO: 2025-05-25 09:15:19,389: download_one() 'Bing: Downloading an image, config: None'
INFO: 2025-05-25 09:15:19,389: download_one() 'Bing: Queue size: 2'
INFO: 2025-05-25 09:15:19,389: download_one() 'Bing: Queue populated with 2 URLs'
INFO: 2025-05-25 09:15:19,390: save_locally() 'Origin URL: https://www.bing.com/search?q=World+Bee+Day&form=hpcapt&filters=HpDate%3a%2220250520_0700%22'
INFO: 2025-05-25 09:15:19,390: save_locally() 'Image URL: https://www.bing.com/th?id=OHR.HoneyBeeLavender_EN-US3860322899_UHD.jpg'
INFO: 2025-05-25 09:15:19,390: save_locally() 'Local path: /home/diego/.config/variety/Downloaded/Bing/OHR.HoneyBeeLavender_EN-US3860322899_UHD.jpg'
INFO: 2025-05-25 09:15:19,390: save_locally() 'File already exists, skip downloading'
INFO: 2025-05-25 09:18:20,392: get_throttling() 'Bing: parsing serverside options'
INFO: 2025-05-25 09:18:20,392: get_throttling() 'Could not parse Bing serverside options, using defaults None, None'
INFO: 2025-05-25 09:18:20,392: get_throttling() 'Bing: parsing serverside options'
INFO: 2025-05-25 09:18:20,392: get_throttling() 'Could not parse Bing serverside options, using defaults None, None'
INFO: 2025-05-25 09:18:20,393: download_one() 'Bing: Downloading an image, config: None'
INFO: 2025-05-25 09:18:20,393: download_one() 'Bing: Queue size: 1'
INFO: 2025-05-25 09:18:20,393: download_one() 'Bing: Queue populated with 1 URLs'
INFO: 2025-05-25 09:18:20,393: save_locally() 'Origin URL: https://www.bing.com/search?q=EUROPARC&form=hpcapt&filters=HpDate%3a%2220250524_0700%22'
INFO: 2025-05-25 09:18:20,393: save_locally() 'Image URL: https://www.bing.com/th?id=OHR.JotunheimenPark_EN-US4200824377_UHD.jpg'
INFO: 2025-05-25 09:18:20,393: save_locally() 'Local path: /home/diego/.config/variety/Downloaded/Bing/OHR.JotunheimenPark_EN-US4200824377_UHD.jpg'
INFO: 2025-05-25 09:18:20,393: save_locally() 'File already exists, skip downloading'
